<?xml version="1.0" encoding="UTF-8"?>
<coverage generated="1699542760874" clover="3.2.0">
  <project timestamp="1699542760875" name="All files">
    <metrics statements="113" coveredstatements="103" conditionals="158" coveredconditionals="118" methods="23" coveredmethods="23" elements="294" coveredelements="244" complexity="0" loc="113" ncloc="113" packages="1" files="4" classes="4"/>
    <file name="get-package-json.mjs" path="/Users/zane/.liq/playground/liquid-labs/npm-toolkit/src/get-package-json.mjs">
      <metrics statements="11" coveredstatements="11" conditionals="18" coveredconditionals="17" methods="5" coveredmethods="5"/>
      <line num="1" count="2" type="stmt"/>
      <line num="2" count="2" type="stmt"/>
      <line num="4" count="326" type="cond" truecount="6" falsecount="0"/>
      <line num="14" count="21" type="cond" truecount="10" falsecount="1"/>
      <line num="17" count="2" type="cond" truecount="1" falsecount="0"/>
      <line num="18" count="4" type="stmt"/>
      <line num="22" count="2" type="stmt"/>
      <line num="23" count="2" type="stmt"/>
      <line num="24" count="2" type="stmt"/>
      <line num="26" count="3" type="stmt"/>
      <line num="27" count="2" type="stmt"/>
    </file>
    <file name="get-package-org-and-basename.mjs" path="/Users/zane/.liq/playground/liquid-labs/npm-toolkit/src/get-package-org-and-basename.mjs">
      <metrics statements="16" coveredstatements="16" conditionals="17" coveredconditionals="15" methods="3" coveredmethods="3"/>
      <line num="1" count="1" type="stmt"/>
      <line num="3" count="23" type="cond" truecount="9" falsecount="2"/>
      <line num="4" count="3" type="cond" truecount="1" falsecount="0"/>
      <line num="5" count="6" type="cond" truecount="2" falsecount="0"/>
      <line num="8" count="3" type="stmt"/>
      <line num="9" count="3" type="cond" truecount="1" falsecount="0"/>
      <line num="11" count="5" type="stmt"/>
      <line num="12" count="1" type="stmt"/>
      <line num="14" count="3" type="cond" truecount="1" falsecount="0"/>
      <line num="15" count="3" type="stmt"/>
      <line num="16" count="3" type="cond" truecount="1" falsecount="0"/>
      <line num="18" count="2" type="stmt"/>
      <line num="19" count="2" type="stmt"/>
      <line num="20" count="1" type="stmt"/>
      <line num="26" count="3" type="stmt"/>
      <line num="28" count="1" type="stmt"/>
    </file>
    <file name="install.mjs" path="/Users/zane/.liq/playground/liquid-labs/npm-toolkit/src/install.mjs">
      <metrics statements="48" coveredstatements="46" conditionals="77" coveredconditionals="53" methods="11" coveredmethods="11"/>
      <line num="1" count="2" type="stmt"/>
      <line num="2" count="2" type="stmt"/>
      <line num="3" count="2" type="stmt"/>
      <line num="5" count="338" type="cond" truecount="6" falsecount="5"/>
      <line num="7" count="9" type="cond" truecount="6" falsecount="6"/>
      <line num="9" count="1" type="cond" truecount="1" falsecount="1"/>
      <line num="10" count="0" type="stmt"/>
      <line num="11" count="0" type="stmt"/>
      <line num="13" count="1" type="cond" truecount="1" falsecount="0"/>
      <line num="14" count="1" type="stmt"/>
      <line num="16" count="1" type="cond" truecount="1" falsecount="1"/>
      <line num="18" count="1" type="stmt"/>
      <line num="19" count="3" type="cond" truecount="0" falsecount="1"/>
      <line num="21" count="1" type="cond" truecount="0" falsecount="1"/>
      <line num="25" count="1" type="cond" truecount="0" falsecount="1"/>
      <line num="26" count="1" type="stmt"/>
      <line num="27" count="1" type="stmt"/>
      <line num="28" count="1" type="stmt"/>
      <line num="29" count="1" type="cond" truecount="0" falsecount="1"/>
      <line num="30" count="1" type="stmt"/>
      <line num="31" count="3" type="stmt"/>
      <line num="37" count="1" type="stmt"/>
      <line num="38" count="2" type="stmt"/>
      <line num="40" count="50" type="cond" truecount="10" falsecount="0"/>
      <line num="41" count="10" type="cond" truecount="2" falsecount="0"/>
      <line num="42" count="5" type="cond" truecount="1" falsecount="0"/>
      <line num="44" count="10" type="cond" truecount="2" falsecount="0"/>
      <line num="45" count="5" type="cond" truecount="1" falsecount="0"/>
      <line num="47" count="10" type="cond" truecount="5" falsecount="1"/>
      <line num="48" count="5" type="cond" truecount="1" falsecount="0"/>
      <line num="50" count="10" type="cond" truecount="1" falsecount="1"/>
      <line num="51" count="5" type="cond" truecount="1" falsecount="0"/>
      <line num="53" count="10" type="stmt"/>
      <line num="57" count="5" type="cond" truecount="1" falsecount="1"/>
      <line num="58" count="5" type="cond" truecount="1" falsecount="1"/>
      <line num="59" count="5" type="cond" truecount="4" falsecount="0"/>
      <line num="60" count="5" type="cond" truecount="3" falsecount="1"/>
      <line num="62" count="5" type="stmt"/>
      <line num="63" count="31" type="cond" truecount="5" falsecount="1"/>
      <line num="64" count="9" type="stmt"/>
      <line num="65" count="1" type="cond" truecount="0" falsecount="1"/>
      <line num="66" count="1" type="stmt"/>
      <line num="67" count="4" type="stmt"/>
      <line num="70" count="5" type="stmt"/>
      <line num="71" count="10" type="stmt"/>
      <line num="74" count="5" type="stmt"/>
      <line num="75" count="5" type="stmt"/>
      <line num="76" count="2" type="stmt"/>
    </file>
    <file name="update.mjs" path="/Users/zane/.liq/playground/liquid-labs/npm-toolkit/src/update.mjs">
      <metrics statements="38" coveredstatements="30" conditionals="46" coveredconditionals="33" methods="4" coveredmethods="4"/>
      <line num="1" count="1" type="stmt"/>
      <line num="2" count="1" type="stmt"/>
      <line num="4" count="1" type="stmt"/>
      <line num="6" count="307" type="cond" truecount="6" falsecount="0"/>
      <line num="23" count="12" type="cond" truecount="11" falsecount="4"/>
      <line num="24" count="2" type="cond" truecount="1" falsecount="1"/>
      <line num="25" count="1" type="cond" truecount="1" falsecount="0"/>
      <line num="27" count="2" type="cond" truecount="2" falsecount="0"/>
      <line num="28" count="1" type="cond" truecount="1" falsecount="0"/>
      <line num="31" count="2" type="stmt"/>
      <line num="32" count="0" type="stmt"/>
      <line num="33" count="0" type="stmt"/>
      <line num="34" count="0" type="stmt"/>
      <line num="35" count="0" type="stmt"/>
      <line num="38" count="1" type="stmt"/>
      <line num="42" count="1" type="cond" truecount="1" falsecount="1"/>
      <line num="47" count="1" type="cond" truecount="0" falsecount="1"/>
      <line num="48" count="0" type="stmt"/>
      <line num="51" count="1" type="cond" truecount="1" falsecount="0"/>
      <line num="52" count="2" type="stmt"/>
      <line num="54" count="1" type="stmt"/>
      <line num="59" count="2" type="stmt"/>
      <line num="62" count="1" type="cond" truecount="1" falsecount="0"/>
      <line num="65" count="2" type="cond" truecount="2" falsecount="0"/>
      <line num="66" count="0" type="stmt"/>
      <line num="70" count="1" type="cond" truecount="1" falsecount="1"/>
      <line num="71" count="1" type="stmt"/>
      <line num="73" count="1" type="cond" truecount="1" falsecount="1"/>
      <line num="74" count="1" type="stmt"/>
      <line num="75" count="1" type="cond" truecount="2" falsecount="2"/>
      <line num="77" count="0" type="cond" truecount="0" falsecount="1"/>
      <line num="78" count="0" type="stmt"/>
      <line num="82" count="1" type="stmt"/>
      <line num="84" count="1" type="cond" truecount="1" falsecount="0"/>
      <line num="85" count="2" type="stmt"/>
      <line num="86" count="1" type="stmt"/>
      <line num="89" count="1" type="stmt"/>
      <line num="90" count="1" type="stmt"/>
    </file>
  </project>
</coverage>
