{"/Users/zane/.liq/playground/liquid-labs/npm-toolkit/src/get-package-json.mjs": {"path":"/Users/zane/.liq/playground/liquid-labs/npm-toolkit/src/get-package-json.mjs","statementMap":{"0":{"start":{"line":1,"column":0},"end":{"line":1,"column":null}},"1":{"start":{"line":2,"column":0},"end":{"line":2,"column":null}},"2":{"start":{"line":4,"column":0},"end":{"line":4,"column":32}},"3":{"start":{"line":4,"column":32},"end":{"line":4,"column":null}},"4":{"start":{"line":14,"column":23},"end":{"line":27,"column":1}},"5":{"start":{"line":14,"column":37},"end":{"line":14,"column":46}},"6":{"start":{"line":17,"column":21},"end":{"line":17,"column":37}},"7":{"start":{"line":18,"column":2},"end":{"line":20,"column":null}},"8":{"start":{"line":19,"column":4},"end":{"line":19,"column":null}},"9":{"start":{"line":22,"column":22},"end":{"line":22,"column":61}},"10":{"start":{"line":23,"column":26},"end":{"line":23,"column":79}},"11":{"start":{"line":24,"column":18},"end":{"line":24,"column":45}},"12":{"start":{"line":26,"column":2},"end":{"line":26,"column":null}},"13":{"start":{"line":27,"column":1},"end":{"line":27,"column":null}}},"fnMap":{"0":{"name":"_getRequireWildcardCache","decl":{"start":{"line":4,"column":32},"end":{"line":4,"column":null}},"loc":{"start":{"line":4,"column":32},"end":{"line":4,"column":null}}},"1":{"name":"(anonymous_3)","decl":{"start":{"line":14,"column":23},"end":{"line":14,"column":29}},"loc":{"start":{"line":14,"column":91},"end":{"line":27,"column":1}}},"2":{"name":"(anonymous_4)","decl":{"start":{"line":14,"column":37},"end":{"line":14,"column":46}},"loc":{"start":{"line":14,"column":37},"end":{"line":14,"column":46}}}},"branchMap":{"0":{"loc":{"start":{"line":4,"column":32},"end":{"line":4,"column":null}},"type":"if","locations":[{"start":{"line":4,"column":32},"end":{"line":4,"column":null}}]},"1":{"loc":{"start":{"line":4,"column":32},"end":{"line":4,"column":null}},"type":"cond-expr","locations":[{"start":{"line":4,"column":32},"end":{"line":4,"column":null}},{"start":{"line":4,"column":32},"end":{"line":4,"column":null}}]},"2":{"loc":{"start":{"line":4,"column":32},"end":{"line":4,"column":null}},"type":"binary-expr","locations":[{"start":{"line":4,"column":32},"end":{"line":4,"column":null}},{"start":{"line":4,"column":32},"end":{"line":4,"column":null}},{"start":{"line":4,"column":32},"end":{"line":4,"column":null}}]},"3":{"loc":{"start":{"line":14,"column":29},"end":{"line":14,"column":86}},"type":"default-arg","locations":[{"start":{"line":14,"column":84},"end":{"line":14,"column":86}}]},"4":{"loc":{"start":{"line":14,"column":31},"end":{"line":14,"column":80}},"type":"default-arg","locations":[{"start":{"line":14,"column":37},"end":{"line":14,"column":80}}]},"5":{"loc":{"start":{"line":18,"column":2},"end":{"line":20,"column":null}},"type":"if","locations":[{"start":{"line":18,"column":2},"end":{"line":20,"column":null}}]}},"s":{"0":2,"1":2,"2":2,"3":326,"4":2,"5":1,"6":2,"7":2,"8":0,"9":2,"10":2,"11":2,"12":2,"13":2},"f":{"0":10,"1":2,"2":1},"b":{"0":[94],"1":[200,204],"2":[102,102,98],"3":[1],"4":[1],"5":[0]}}
,"/Users/zane/.liq/playground/liquid-labs/npm-toolkit/src/get-package-org-and-basename.mjs": {"path":"/Users/zane/.liq/playground/liquid-labs/npm-toolkit/src/get-package-org-and-basename.mjs","statementMap":{"0":{"start":{"line":1,"column":0},"end":{"line":1,"column":null}},"1":{"start":{"line":3,"column":33},"end":{"line":28,"column":1}},"2":{"start":{"line":4,"column":19},"end":{"line":4,"column":46}},"3":{"start":{"line":5,"column":2},"end":{"line":7,"column":null}},"4":{"start":{"line":6,"column":4},"end":{"line":6,"column":null}},"5":{"start":{"line":8,"column":21},"end":{"line":8,"column":28}},"6":{"start":{"line":9,"column":29},"end":{"line":9,"column":36}},"7":{"start":{"line":11,"column":2},"end":{"line":13,"column":null}},"8":{"start":{"line":12,"column":4},"end":{"line":12,"column":null}},"9":{"start":{"line":14,"column":2},"end":{"line":16,"column":null}},"10":{"start":{"line":15,"column":4},"end":{"line":15,"column":null}},"11":{"start":{"line":18,"column":2},"end":{"line":27,"column":null}},"12":{"start":{"line":19,"column":28},"end":{"line":19,"column":55}},"13":{"start":{"line":20,"column":4},"end":{"line":20,"column":null}},"14":{"start":{"line":23,"column":4},"end":{"line":26,"column":null}},"15":{"start":{"line":28,"column":1},"end":{"line":28,"column":null}}},"fnMap":{"0":{"name":"(anonymous_0)","decl":{"start":{"line":3,"column":33},"end":{"line":3,"column":39}},"loc":{"start":{"line":3,"column":56},"end":{"line":28,"column":1}}}},"branchMap":{"0":{"loc":{"start":{"line":3,"column":39},"end":{"line":3,"column":51}},"type":"default-arg","locations":[{"start":{"line":3,"column":49},"end":{"line":3,"column":51}}]},"1":{"loc":{"start":{"line":5,"column":2},"end":{"line":7,"column":null}},"type":"if","locations":[{"start":{"line":5,"column":2},"end":{"line":7,"column":null}}]},"2":{"loc":{"start":{"line":5,"column":6},"end":{"line":5,"column":36}},"type":"binary-expr","locations":[{"start":{"line":5,"column":6},"end":{"line":5,"column":18}},{"start":{"line":5,"column":22},"end":{"line":5,"column":36}}]},"3":{"loc":{"start":{"line":11,"column":2},"end":{"line":13,"column":null}},"type":"if","locations":[{"start":{"line":11,"column":2},"end":{"line":13,"column":null}}]},"4":{"loc":{"start":{"line":14,"column":2},"end":{"line":16,"column":null}},"type":"if","locations":[{"start":{"line":14,"column":2},"end":{"line":16,"column":null}}]},"5":{"loc":{"start":{"line":18,"column":2},"end":{"line":27,"column":null}},"type":"if","locations":[{"start":{"line":18,"column":2},"end":{"line":27,"column":null}},{"start":{"line":22,"column":7},"end":{"line":27,"column":null}}]}},"s":{"0":1,"1":1,"2":3,"3":3,"4":0,"5":3,"6":3,"7":3,"8":1,"9":3,"10":3,"11":3,"12":2,"13":2,"14":1,"15":1},"f":{"0":3},"b":{"0":[0],"1":[0],"2":[3,3],"3":[1],"4":[3],"5":[2,1]}}
,"/Users/zane/.liq/playground/liquid-labs/npm-toolkit/src/install.mjs": {"path":"/Users/zane/.liq/playground/liquid-labs/npm-toolkit/src/install.mjs","statementMap":{"0":{"start":{"line":1,"column":0},"end":{"line":1,"column":null}},"1":{"start":{"line":2,"column":0},"end":{"line":2,"column":null}},"2":{"start":{"line":3,"column":0},"end":{"line":3,"column":null}},"3":{"start":{"line":5,"column":0},"end":{"line":5,"column":52}},"4":{"start":{"line":5,"column":52},"end":{"line":5,"column":null}},"5":{"start":{"line":7,"column":25},"end":{"line":38,"column":1}},"6":{"start":{"line":8,"column":24},"end":{"line":8,"column":42}},"7":{"start":{"line":9,"column":2},"end":{"line":15,"column":null}},"8":{"start":{"line":10,"column":4},"end":{"line":10,"column":null}},"9":{"start":{"line":11,"column":4},"end":{"line":11,"column":null}},"10":{"start":{"line":13,"column":7},"end":{"line":15,"column":null}},"11":{"start":{"line":14,"column":4},"end":{"line":14,"column":23}},"12":{"start":{"line":16,"column":18},"end":{"line":18,"column":48}},"13":{"start":{"line":19,"column":2},"end":{"line":35,"column":null}},"14":{"start":{"line":21,"column":4},"end":{"line":34,"column":null}},"15":{"start":{"line":26,"column":6},"end":{"line":33,"column":null}},"16":{"start":{"line":27,"column":36},"end":{"line":27,"column":86}},"17":{"start":{"line":28,"column":28},"end":{"line":28,"column":59}},"18":{"start":{"line":29,"column":25},"end":{"line":29,"column":36}},"19":{"start":{"line":30,"column":8},"end":{"line":32,"column":null}},"20":{"start":{"line":31,"column":10},"end":{"line":31,"column":null}},"21":{"start":{"line":37,"column":2},"end":{"line":37,"column":null}},"22":{"start":{"line":40,"column":16},"end":{"line":76,"column":1}},"23":{"start":{"line":41,"column":2},"end":{"line":43,"column":null}},"24":{"start":{"line":42,"column":4},"end":{"line":42,"column":null}},"25":{"start":{"line":44,"column":2},"end":{"line":46,"column":null}},"26":{"start":{"line":45,"column":4},"end":{"line":45,"column":null}},"27":{"start":{"line":47,"column":2},"end":{"line":49,"column":null}},"28":{"start":{"line":48,"column":4},"end":{"line":48,"column":null}},"29":{"start":{"line":50,"column":2},"end":{"line":52,"column":null}},"30":{"start":{"line":51,"column":4},"end":{"line":51,"column":null}},"31":{"start":{"line":53,"column":2},"end":{"line":55,"column":null}},"32":{"start":{"line":54,"column":4},"end":{"line":54,"column":null}},"33":{"start":{"line":57,"column":18},"end":{"line":57,"column":79}},"34":{"start":{"line":58,"column":20},"end":{"line":58,"column":54}},"35":{"start":{"line":59,"column":18},"end":{"line":59,"column":92}},"36":{"start":{"line":60,"column":21},"end":{"line":60,"column":93}},"37":{"start":{"line":62,"column":22},"end":{"line":72,"column":14}},"38":{"start":{"line":64,"column":6},"end":{"line":69,"column":null}},"39":{"start":{"line":65,"column":26},"end":{"line":65,"column":75}},"40":{"start":{"line":66,"column":8},"end":{"line":68,"column":null}},"41":{"start":{"line":67,"column":10},"end":{"line":67,"column":null}},"42":{"start":{"line":70,"column":6},"end":{"line":70,"column":null}},"43":{"start":{"line":74,"column":14},"end":{"line":74,"column":74}},"44":{"start":{"line":75,"column":2},"end":{"line":75,"column":null}},"45":{"start":{"line":76,"column":1},"end":{"line":76,"column":null}}},"fnMap":{"0":{"name":"_getRequireWildcardCache","decl":{"start":{"line":5,"column":52},"end":{"line":5,"column":null}},"loc":{"start":{"line":5,"column":52},"end":{"line":5,"column":null}}},"1":{"name":"(anonymous_3)","decl":{"start":{"line":7,"column":25},"end":{"line":7,"column":31}},"loc":{"start":{"line":7,"column":57},"end":{"line":38,"column":1}}},"2":{"name":"(anonymous_4)","decl":{"start":{"line":40,"column":16},"end":{"line":40,"column":22}},"loc":{"start":{"line":40,"column":115},"end":{"line":76,"column":1}}},"3":{"name":"(anonymous_5)","decl":{"start":{"line":63,"column":9},"end":{"line":63,"column":15}},"loc":{"start":{"line":63,"column":21},"end":{"line":71,"column":5}}}},"branchMap":{"0":{"loc":{"start":{"line":5,"column":52},"end":{"line":5,"column":null}},"type":"if","locations":[{"start":{"line":5,"column":52},"end":{"line":5,"column":null}}]},"1":{"loc":{"start":{"line":5,"column":52},"end":{"line":5,"column":null}},"type":"cond-expr","locations":[{"start":{"line":5,"column":52},"end":{"line":5,"column":null}},{"start":{"line":5,"column":52},"end":{"line":5,"column":null}}]},"2":{"loc":{"start":{"line":5,"column":52},"end":{"line":5,"column":null}},"type":"binary-expr","locations":[{"start":{"line":5,"column":52},"end":{"line":5,"column":null}},{"start":{"line":5,"column":52},"end":{"line":5,"column":null}},{"start":{"line":5,"column":52},"end":{"line":5,"column":null}}]},"3":{"loc":{"start":{"line":9,"column":2},"end":{"line":15,"column":null}},"type":"if","locations":[{"start":{"line":9,"column":2},"end":{"line":15,"column":null}},{"start":{"line":13,"column":7},"end":{"line":15,"column":null}}]},"4":{"loc":{"start":{"line":13,"column":7},"end":{"line":15,"column":null}},"type":"if","locations":[{"start":{"line":13,"column":7},"end":{"line":15,"column":null}}]},"5":{"loc":{"start":{"line":16,"column":18},"end":{"line":18,"column":48}},"type":"cond-expr","locations":[{"start":{"line":17,"column":6},"end":{"line":17,"column":43}},{"start":{"line":18,"column":6},"end":{"line":18,"column":48}}]},"6":{"loc":{"start":{"line":26,"column":6},"end":{"line":33,"column":null}},"type":"if","locations":[{"start":{"line":26,"column":6},"end":{"line":33,"column":null}}]},"7":{"loc":{"start":{"line":30,"column":8},"end":{"line":32,"column":null}},"type":"if","locations":[{"start":{"line":30,"column":8},"end":{"line":32,"column":null}}]},"8":{"loc":{"start":{"line":41,"column":2},"end":{"line":43,"column":null}},"type":"if","locations":[{"start":{"line":41,"column":2},"end":{"line":43,"column":null}}]},"9":{"loc":{"start":{"line":41,"column":6},"end":{"line":41,"column":53}},"type":"binary-expr","locations":[{"start":{"line":41,"column":6},"end":{"line":41,"column":28}},{"start":{"line":41,"column":32},"end":{"line":41,"column":53}}]},"10":{"loc":{"start":{"line":44,"column":2},"end":{"line":46,"column":null}},"type":"if","locations":[{"start":{"line":44,"column":2},"end":{"line":46,"column":null}}]},"11":{"loc":{"start":{"line":44,"column":6},"end":{"line":44,"column":43}},"type":"binary-expr","locations":[{"start":{"line":44,"column":6},"end":{"line":44,"column":23}},{"start":{"line":44,"column":27},"end":{"line":44,"column":43}}]},"12":{"loc":{"start":{"line":47,"column":2},"end":{"line":49,"column":null}},"type":"if","locations":[{"start":{"line":47,"column":2},"end":{"line":49,"column":null}}]},"13":{"loc":{"start":{"line":47,"column":6},"end":{"line":47,"column":53}},"type":"binary-expr","locations":[{"start":{"line":47,"column":6},"end":{"line":47,"column":27}},{"start":{"line":47,"column":31},"end":{"line":47,"column":53}}]},"14":{"loc":{"start":{"line":47,"column":31},"end":{"line":47,"column":47}},"type":"cond-expr","locations":[{"start":{"line":47,"column":39},"end":{"line":47,"column":41}},{"start":{"line":47,"column":31},"end":{"line":47,"column":47}}]},"15":{"loc":{"start":{"line":47,"column":31},"end":{"line":47,"column":41}},"type":"binary-expr","locations":[{"start":{"line":47,"column":31},"end":{"line":47,"column":41}},{"start":{"line":47,"column":31},"end":{"line":47,"column":41}}]},"16":{"loc":{"start":{"line":50,"column":2},"end":{"line":52,"column":null}},"type":"if","locations":[{"start":{"line":50,"column":2},"end":{"line":52,"column":null}}]},"17":{"loc":{"start":{"line":50,"column":6},"end":{"line":50,"column":51}},"type":"binary-expr","locations":[{"start":{"line":50,"column":6},"end":{"line":50,"column":26}},{"start":{"line":50,"column":30},"end":{"line":50,"column":51}}]},"18":{"loc":{"start":{"line":53,"column":2},"end":{"line":55,"column":null}},"type":"if","locations":[{"start":{"line":53,"column":2},"end":{"line":55,"column":null}}]},"19":{"loc":{"start":{"line":53,"column":6},"end":{"line":53,"column":50}},"type":"binary-expr","locations":[{"start":{"line":53,"column":6},"end":{"line":53,"column":31}},{"start":{"line":53,"column":35},"end":{"line":53,"column":50}}]},"20":{"loc":{"start":{"line":57,"column":18},"end":{"line":57,"column":79}},"type":"cond-expr","locations":[{"start":{"line":57,"column":46},"end":{"line":57,"column":48}},{"start":{"line":57,"column":51},"end":{"line":57,"column":79}}]},"21":{"loc":{"start":{"line":58,"column":20},"end":{"line":58,"column":54}},"type":"cond-expr","locations":[{"start":{"line":58,"column":38},"end":{"line":58,"column":49}},{"start":{"line":58,"column":52},"end":{"line":58,"column":54}}]},"22":{"loc":{"start":{"line":59,"column":18},"end":{"line":59,"column":92}},"type":"cond-expr","locations":[{"start":{"line":59,"column":37},"end":{"line":59,"column":50}},{"start":{"line":59,"column":53},"end":{"line":59,"column":92}}]},"23":{"loc":{"start":{"line":59,"column":53},"end":{"line":59,"column":92}},"type":"cond-expr","locations":[{"start":{"line":59,"column":73},"end":{"line":59,"column":87}},{"start":{"line":59,"column":90},"end":{"line":59,"column":92}}]},"24":{"loc":{"start":{"line":60,"column":21},"end":{"line":60,"column":93}},"type":"cond-expr","locations":[{"start":{"line":60,"column":39},"end":{"line":60,"column":48}},{"start":{"line":60,"column":51},"end":{"line":60,"column":93}}]},"25":{"loc":{"start":{"line":60,"column":51},"end":{"line":60,"column":93}},"type":"cond-expr","locations":[{"start":{"line":60,"column":75},"end":{"line":60,"column":88}},{"start":{"line":60,"column":91},"end":{"line":60,"column":93}}]},"26":{"loc":{"start":{"line":64,"column":6},"end":{"line":69,"column":null}},"type":"if","locations":[{"start":{"line":64,"column":6},"end":{"line":69,"column":null}}]},"27":{"loc":{"start":{"line":66,"column":8},"end":{"line":68,"column":null}},"type":"if","locations":[{"start":{"line":66,"column":8},"end":{"line":68,"column":null}}]}},"s":{"0":2,"1":2,"2":2,"3":2,"4":326,"5":2,"6":1,"7":1,"8":0,"9":0,"10":1,"11":1,"12":1,"13":1,"14":1,"15":1,"16":1,"17":1,"18":1,"19":1,"20":1,"21":0,"22":2,"23":5,"24":0,"25":5,"26":0,"27":5,"28":0,"29":5,"30":0,"31":5,"32":0,"33":5,"34":5,"35":5,"36":5,"37":5,"38":5,"39":1,"40":1,"41":1,"42":4,"43":5,"44":5,"45":2},"f":{"0":10,"1":1,"2":5,"3":5},"b":{"0":[94],"1":[200,204],"2":[102,102,98],"3":[0,1],"4":[1],"5":[0,1],"6":[1],"7":[1],"8":[0],"9":[5,5],"10":[0],"11":[5,1],"12":[0],"13":[5,1],"14":[0,1],"15":[1,1],"16":[0],"17":[5,0],"18":[0],"19":[5,0],"20":[0,5],"21":[0,5],"22":[1,4],"23":[1,3],"24":[0,5],"25":[1,4],"26":[1],"27":[1]}}
,"/Users/zane/.liq/playground/liquid-labs/npm-toolkit/src/update.mjs": {"path":"/Users/zane/.liq/playground/liquid-labs/npm-toolkit/src/update.mjs","statementMap":{"0":{"start":{"line":1,"column":0},"end":{"line":1,"column":null}},"1":{"start":{"line":2,"column":0},"end":{"line":2,"column":null}},"2":{"start":{"line":4,"column":0},"end":{"line":4,"column":null}},"3":{"start":{"line":6,"column":0},"end":{"line":6,"column":52}},"4":{"start":{"line":6,"column":52},"end":{"line":6,"column":null}},"5":{"start":{"line":23,"column":15},"end":{"line":90,"column":1}},"6":{"start":{"line":24,"column":2},"end":{"line":26,"column":null}},"7":{"start":{"line":25,"column":4},"end":{"line":25,"column":null}},"8":{"start":{"line":27,"column":2},"end":{"line":29,"column":null}},"9":{"start":{"line":28,"column":4},"end":{"line":28,"column":null}},"10":{"start":{"line":31,"column":2},"end":{"line":36,"column":null}},"11":{"start":{"line":32,"column":28},"end":{"line":32,"column":68}},"12":{"start":{"line":33,"column":32},"end":{"line":33,"column":66}},"13":{"start":{"line":34,"column":24},"end":{"line":34,"column":55}},"14":{"start":{"line":35,"column":4},"end":{"line":35,"column":null}},"15":{"start":{"line":38,"column":18},"end":{"line":38,"column":20}},"16":{"start":{"line":42,"column":24},"end":{"line":45,"column":23}},"17":{"start":{"line":47,"column":2},"end":{"line":49,"column":null}},"18":{"start":{"line":48,"column":4},"end":{"line":48,"column":null}},"19":{"start":{"line":51,"column":25},"end":{"line":51,"column":69}},"20":{"start":{"line":52,"column":2},"end":{"line":55,"column":null}},"21":{"start":{"line":54,"column":4},"end":{"line":54,"column":null}},"22":{"start":{"line":58,"column":2},"end":{"line":63,"column":null}},"23":{"start":{"line":59,"column":4},"end":{"line":59,"column":null}},"24":{"start":{"line":62,"column":4},"end":{"line":62,"column":null}},"25":{"start":{"line":65,"column":2},"end":{"line":68,"column":null}},"26":{"start":{"line":66,"column":4},"end":{"line":66,"column":null}},"27":{"start":{"line":67,"column":4},"end":{"line":67,"column":null}},"28":{"start":{"line":70,"column":2},"end":{"line":70,"column":null}},"29":{"start":{"line":71,"column":2},"end":{"line":80,"column":null}},"30":{"start":{"line":72,"column":40},"end":{"line":72,"column":61}},"31":{"start":{"line":73,"column":4},"end":{"line":79,"column":null}},"32":{"start":{"line":74,"column":6},"end":{"line":74,"column":null}},"33":{"start":{"line":75,"column":6},"end":{"line":75,"column":null}},"34":{"start":{"line":77,"column":9},"end":{"line":79,"column":null}},"35":{"start":{"line":78,"column":6},"end":{"line":78,"column":null}},"36":{"start":{"line":82,"column":23},"end":{"line":84,"column":22}},"37":{"start":{"line":85,"column":2},"end":{"line":87,"column":null}},"38":{"start":{"line":86,"column":4},"end":{"line":86,"column":null}},"39":{"start":{"line":89,"column":2},"end":{"line":89,"column":null}},"40":{"start":{"line":90,"column":1},"end":{"line":90,"column":null}}},"fnMap":{"0":{"name":"_getRequireWildcardCache","decl":{"start":{"line":6,"column":52},"end":{"line":6,"column":null}},"loc":{"start":{"line":6,"column":52},"end":{"line":6,"column":null}}},"1":{"name":"(anonymous_3)","decl":{"start":{"line":23,"column":15},"end":{"line":23,"column":21}},"loc":{"start":{"line":23,"column":85},"end":{"line":90,"column":1}}}},"branchMap":{"0":{"loc":{"start":{"line":6,"column":52},"end":{"line":6,"column":null}},"type":"if","locations":[{"start":{"line":6,"column":52},"end":{"line":6,"column":null}}]},"1":{"loc":{"start":{"line":6,"column":52},"end":{"line":6,"column":null}},"type":"cond-expr","locations":[{"start":{"line":6,"column":52},"end":{"line":6,"column":null}},{"start":{"line":6,"column":52},"end":{"line":6,"column":null}}]},"2":{"loc":{"start":{"line":6,"column":52},"end":{"line":6,"column":null}},"type":"binary-expr","locations":[{"start":{"line":6,"column":52},"end":{"line":6,"column":null}},{"start":{"line":6,"column":52},"end":{"line":6,"column":null}},{"start":{"line":6,"column":52},"end":{"line":6,"column":null}}]},"3":{"loc":{"start":{"line":23,"column":39},"end":{"line":23,"column":52}},"type":"default-arg","locations":[{"start":{"line":23,"column":50},"end":{"line":23,"column":52}}]},"4":{"loc":{"start":{"line":24,"column":2},"end":{"line":26,"column":null}},"type":"if","locations":[{"start":{"line":24,"column":2},"end":{"line":26,"column":null}}]},"5":{"loc":{"start":{"line":24,"column":6},"end":{"line":24,"column":42}},"type":"binary-expr","locations":[{"start":{"line":24,"column":6},"end":{"line":24,"column":31}},{"start":{"line":24,"column":35},"end":{"line":24,"column":42}}]},"6":{"loc":{"start":{"line":27,"column":2},"end":{"line":29,"column":null}},"type":"if","locations":[{"start":{"line":27,"column":2},"end":{"line":29,"column":null}}]},"7":{"loc":{"start":{"line":27,"column":6},"end":{"line":27,"column":50}},"type":"binary-expr","locations":[{"start":{"line":27,"column":6},"end":{"line":27,"column":31}},{"start":{"line":27,"column":35},"end":{"line":27,"column":50}}]},"8":{"loc":{"start":{"line":31,"column":2},"end":{"line":36,"column":null}},"type":"if","locations":[{"start":{"line":31,"column":2},"end":{"line":36,"column":null}}]},"9":{"loc":{"start":{"line":42,"column":25},"end":{"line":42,"column":70}},"type":"cond-expr","locations":[{"start":{"line":42,"column":43},"end":{"line":42,"column":45}},{"start":{"line":42,"column":49},"end":{"line":42,"column":70}}]},"10":{"loc":{"start":{"line":44,"column":7},"end":{"line":44,"column":41}},"type":"cond-expr","locations":[{"start":{"line":44,"column":25},"end":{"line":44,"column":36}},{"start":{"line":44,"column":39},"end":{"line":44,"column":41}}]},"11":{"loc":{"start":{"line":47,"column":2},"end":{"line":49,"column":null}},"type":"if","locations":[{"start":{"line":47,"column":2},"end":{"line":49,"column":null}}]},"12":{"loc":{"start":{"line":52,"column":2},"end":{"line":55,"column":null}},"type":"if","locations":[{"start":{"line":52,"column":2},"end":{"line":55,"column":null}}]},"13":{"loc":{"start":{"line":65,"column":2},"end":{"line":68,"column":null}},"type":"if","locations":[{"start":{"line":65,"column":2},"end":{"line":68,"column":null}}]},"14":{"loc":{"start":{"line":65,"column":6},"end":{"line":65,"column":61}},"type":"binary-expr","locations":[{"start":{"line":65,"column":6},"end":{"line":65,"column":19}},{"start":{"line":65,"column":23},"end":{"line":65,"column":61}}]},"15":{"loc":{"start":{"line":70,"column":27},"end":{"line":70,"column":54}},"type":"cond-expr","locations":[{"start":{"line":70,"column":36},"end":{"line":70,"column":48}},{"start":{"line":70,"column":51},"end":{"line":70,"column":54}}]},"16":{"loc":{"start":{"line":73,"column":4},"end":{"line":79,"column":null}},"type":"if","locations":[{"start":{"line":73,"column":4},"end":{"line":79,"column":null}},{"start":{"line":77,"column":9},"end":{"line":79,"column":null}}]},"17":{"loc":{"start":{"line":75,"column":22},"end":{"line":75,"column":48}},"type":"cond-expr","locations":[{"start":{"line":75,"column":31},"end":{"line":75,"column":42}},{"start":{"line":75,"column":45},"end":{"line":75,"column":48}}]},"18":{"loc":{"start":{"line":75,"column":92},"end":{"line":75,"column":129}},"type":"cond-expr","locations":[{"start":{"line":75,"column":112},"end":{"line":75,"column":123}},{"start":{"line":75,"column":126},"end":{"line":75,"column":129}}]},"19":{"loc":{"start":{"line":77,"column":9},"end":{"line":79,"column":null}},"type":"if","locations":[{"start":{"line":77,"column":9},"end":{"line":79,"column":null}}]},"20":{"loc":{"start":{"line":85,"column":2},"end":{"line":87,"column":null}},"type":"if","locations":[{"start":{"line":85,"column":2},"end":{"line":87,"column":null}}]}},"s":{"0":1,"1":1,"2":1,"3":1,"4":307,"5":1,"6":1,"7":0,"8":1,"9":0,"10":1,"11":0,"12":0,"13":0,"14":0,"15":1,"16":1,"17":1,"18":0,"19":1,"20":1,"21":0,"22":1,"23":1,"24":0,"25":1,"26":0,"27":0,"28":1,"29":1,"30":1,"31":1,"32":1,"33":1,"34":0,"35":0,"36":1,"37":1,"38":0,"39":1,"40":1},"f":{"0":7,"1":1},"b":{"0":[92],"1":[193,196],"2":[98,98,95],"3":[1],"4":[0],"5":[1,0],"6":[0],"7":[1,1],"8":[0],"9":[0,1],"10":[0,1],"11":[0],"12":[0],"13":[0],"14":[1,1],"15":[0,1],"16":[1,0],"17":[0,1],"18":[0,1],"19":[0],"20":[0]}}
}
