{"/Users/zane/.liq/playground/liquid-labs/npm-toolkit/src/get-package-json.mjs": {"path":"/Users/zane/.liq/playground/liquid-labs/npm-toolkit/src/get-package-json.mjs","statementMap":{"0":{"start":{"line":1,"column":0},"end":{"line":1,"column":null}},"1":{"start":{"line":2,"column":0},"end":{"line":2,"column":null}},"2":{"start":{"line":4,"column":0},"end":{"line":4,"column":32}},"3":{"start":{"line":4,"column":32},"end":{"line":4,"column":null}},"4":{"start":{"line":14,"column":20},"end":{"line":14,"column":23}},"5":{"start":{"line":14,"column":20},"end":{"line":27,"column":null}},"6":{"start":{"line":14,"column":23},"end":{"line":14,"column":31}},"7":{"start":{"line":14,"column":23},"end":{"line":26,"column":null}},"8":{"start":{"line":14,"column":23},"end":{"line":14,"column":84}},"9":{"start":{"line":14,"column":37},"end":{"line":14,"column":46}},"10":{"start":{"line":17,"column":8},"end":{"line":17,"column":null}},"11":{"start":{"line":17,"column":37},"end":{"line":18,"column":null}},"12":{"start":{"line":18,"column":17},"end":{"line":18,"column":null}},"13":{"start":{"line":18,"column":17},"end":{"line":19,"column":null}},"14":{"start":{"line":22,"column":8},"end":{"line":22,"column":62}},"15":{"start":{"line":22,"column":62},"end":{"line":22,"column":null}},"16":{"start":{"line":22,"column":62},"end":{"line":23,"column":null}},"17":{"start":{"line":23,"column":8},"end":{"line":23,"column":32}},"18":{"start":{"line":24,"column":8},"end":{"line":24,"column":null}},"19":{"start":{"line":24,"column":45},"end":{"line":26,"column":null}},"20":{"start":{"line":26,"column":16},"end":{"line":26,"column":null}},"21":{"start":{"line":27,"column":1},"end":{"line":14,"column":23}}},"fnMap":{"0":{"name":"_getRequireWildcardCache","decl":{"start":{"line":4,"column":32},"end":{"line":4,"column":null}},"loc":{"start":{"line":4,"column":32},"end":{"line":4,"column":null}}},"1":{"name":"(anonymous_3)","decl":{"start":{"line":14,"column":20},"end":{"line":14,"column":23}},"loc":{"start":{"line":14,"column":20},"end":{"line":14,"column":23}}},"2":{"name":"_callee","decl":{"start":{"line":14,"column":23},"end":{"line":14,"column":31}},"loc":{"start":{"line":14,"column":23},"end":{"line":26,"column":null}}},"3":{"name":"(anonymous_6)","decl":{"start":{"line":14,"column":37},"end":{"line":14,"column":46}},"loc":{"start":{"line":14,"column":37},"end":{"line":14,"column":46}}},"4":{"name":"getPackageJSON","decl":{"start":{"line":14,"column":6},"end":{"line":14,"column":20}},"loc":{"start":{"line":14,"column":20},"end":{"line":14,"column":23}}}},"branchMap":{"0":{"loc":{"start":{"line":4,"column":32},"end":{"line":4,"column":null}},"type":"if","locations":[{"start":{"line":4,"column":32},"end":{"line":4,"column":null}}]},"1":{"loc":{"start":{"line":4,"column":32},"end":{"line":4,"column":null}},"type":"cond-expr","locations":[{"start":{"line":4,"column":32},"end":{"line":4,"column":null}},{"start":{"line":4,"column":32},"end":{"line":4,"column":null}}]},"2":{"loc":{"start":{"line":4,"column":32},"end":{"line":4,"column":null}},"type":"binary-expr","locations":[{"start":{"line":4,"column":32},"end":{"line":4,"column":null}},{"start":{"line":4,"column":32},"end":{"line":4,"column":null}},{"start":{"line":4,"column":32},"end":{"line":4,"column":null}}]},"3":{"loc":{"start":{"line":14,"column":23},"end":{"line":26,"column":null}},"type":"switch","locations":[{"start":{"line":14,"column":23},"end":{"line":19,"column":null}},{"start":{"line":19,"column":90},"end":{"line":23,"column":null}},{"start":{"line":23,"column":79},"end":{"line":26,"column":null}},{"start":{"line":26,"column":16},"end":{"line":26,"column":null}},{"start":{"line":26,"column":16},"end":{"line":26,"column":null}}]},"4":{"loc":{"start":{"line":14,"column":23},"end":{"line":14,"column":86}},"type":"cond-expr","locations":[{"start":{"line":14,"column":23},"end":{"line":14,"column":31}},{"start":{"line":14,"column":84},"end":{"line":14,"column":86}}]},"5":{"loc":{"start":{"line":14,"column":23},"end":{"line":14,"column":31}},"type":"binary-expr","locations":[{"start":{"line":14,"column":23},"end":{"line":14,"column":31}},{"start":{"line":14,"column":23},"end":{"line":14,"column":31}}]},"6":{"loc":{"start":{"line":14,"column":37},"end":{"line":14,"column":84}},"type":"cond-expr","locations":[{"start":{"line":14,"column":37},"end":{"line":14,"column":84}},{"start":{"line":14,"column":79},"end":{"line":14,"column":84}}]},"7":{"loc":{"start":{"line":17,"column":37},"end":{"line":18,"column":null}},"type":"if","locations":[{"start":{"line":17,"column":37},"end":{"line":18,"column":null}}]}},"s":{"0":2,"1":2,"2":2,"3":326,"4":5,"5":2,"6":3,"7":21,"8":3,"9":1,"10":2,"11":2,"12":4,"13":0,"14":2,"15":2,"16":2,"17":2,"18":2,"19":2,"20":3,"21":2},"f":{"0":10,"1":2,"2":11,"3":1,"4":3},"b":{"0":[94],"1":[200,204],"2":[102,102,98],"3":[3,2,2,0,3],"4":[2,1],"5":[3,2],"6":[1,2],"7":[2]}}
,"/Users/zane/.liq/playground/liquid-labs/npm-toolkit/src/get-package-org-and-basename.mjs": {"path":"/Users/zane/.liq/playground/liquid-labs/npm-toolkit/src/get-package-org-and-basename.mjs","statementMap":{"0":{"start":{"line":1,"column":0},"end":{"line":1,"column":null}},"1":{"start":{"line":3,"column":30},"end":{"line":3,"column":33}},"2":{"start":{"line":3,"column":30},"end":{"line":28,"column":null}},"3":{"start":{"line":3,"column":33},"end":{"line":3,"column":39}},"4":{"start":{"line":3,"column":33},"end":{"line":26,"column":null}},"5":{"start":{"line":3,"column":39},"end":{"line":3,"column":null}},"6":{"start":{"line":4,"column":8},"end":{"line":4,"column":null}},"7":{"start":{"line":4,"column":46},"end":{"line":5,"column":null}},"8":{"start":{"line":5,"column":36},"end":{"line":5,"column":null}},"9":{"start":{"line":5,"column":36},"end":{"line":6,"column":null}},"10":{"start":{"line":8,"column":10},"end":{"line":8,"column":21}},"11":{"start":{"line":9,"column":8},"end":{"line":9,"column":29}},"12":{"start":{"line":9,"column":24},"end":{"line":11,"column":null}},"13":{"start":{"line":11,"column":26},"end":{"line":11,"column":null}},"14":{"start":{"line":11,"column":26},"end":{"line":12,"column":null}},"15":{"start":{"line":12,"column":4},"end":{"line":12,"column":20}},"16":{"start":{"line":14,"column":2},"end":{"line":16,"column":3}},"17":{"start":{"line":15,"column":4},"end":{"line":15,"column":null}},"18":{"start":{"line":16,"column":3},"end":{"line":18,"column":null}},"19":{"start":{"line":18,"column":29},"end":{"line":18,"column":null}},"20":{"start":{"line":18,"column":29},"end":{"line":19,"column":28}},"21":{"start":{"line":19,"column":24},"end":{"line":20,"column":null}},"22":{"start":{"line":20,"column":28},"end":{"line":26,"column":null}},"23":{"start":{"line":26,"column":5},"end":{"line":26,"column":null}},"24":{"start":{"line":28,"column":1},"end":{"line":3,"column":33}}},"fnMap":{"0":{"name":"(anonymous_0)","decl":{"start":{"line":3,"column":30},"end":{"line":3,"column":33}},"loc":{"start":{"line":3,"column":30},"end":{"line":3,"column":33}}},"1":{"name":"_callee","decl":{"start":{"line":3,"column":33},"end":{"line":3,"column":39}},"loc":{"start":{"line":3,"column":33},"end":{"line":26,"column":null}}},"2":{"name":"getPackageOrgAndBasename","decl":{"start":{"line":3,"column":6},"end":{"line":3,"column":30}},"loc":{"start":{"line":3,"column":30},"end":{"line":3,"column":33}}}},"branchMap":{"0":{"loc":{"start":{"line":3,"column":33},"end":{"line":26,"column":null}},"type":"switch","locations":[{"start":{"line":3,"column":33},"end":{"line":6,"column":null}},{"start":{"line":6,"column":111},"end":{"line":12,"column":null}},{"start":{"line":12,"column":46},"end":{"line":12,"column":20}},{"start":{"line":12,"column":11},"end":{"line":20,"column":null}},{"start":{"line":20,"column":28},"end":{"line":26,"column":null}},{"start":{"line":26,"column":5},"end":{"line":26,"column":null}},{"start":{"line":26,"column":5},"end":{"line":26,"column":null}}]},"1":{"loc":{"start":{"line":3,"column":46},"end":{"line":3,"column":51}},"type":"cond-expr","locations":[{"start":{"line":3,"column":46},"end":{"line":3,"column":49}},{"start":{"line":3,"column":49},"end":{"line":3,"column":51}}]},"2":{"loc":{"start":{"line":3,"column":46},"end":{"line":3,"column":49}},"type":"binary-expr","locations":[{"start":{"line":3,"column":46},"end":{"line":3,"column":49}},{"start":{"line":3,"column":46},"end":{"line":3,"column":49}}]},"3":{"loc":{"start":{"line":4,"column":46},"end":{"line":5,"column":null}},"type":"if","locations":[{"start":{"line":4,"column":46},"end":{"line":5,"column":null}}]},"4":{"loc":{"start":{"line":5,"column":6},"end":{"line":5,"column":36}},"type":"binary-expr","locations":[{"start":{"line":5,"column":6},"end":{"line":5,"column":18}},{"start":{"line":5,"column":22},"end":{"line":5,"column":36}}]},"5":{"loc":{"start":{"line":9,"column":24},"end":{"line":11,"column":null}},"type":"if","locations":[{"start":{"line":9,"column":24},"end":{"line":11,"column":null}}]},"6":{"loc":{"start":{"line":14,"column":2},"end":{"line":16,"column":3}},"type":"if","locations":[{"start":{"line":14,"column":2},"end":{"line":16,"column":3}}]},"7":{"loc":{"start":{"line":16,"column":3},"end":{"line":18,"column":null}},"type":"if","locations":[{"start":{"line":16,"column":3},"end":{"line":18,"column":null}}]}},"s":{"0":1,"1":4,"2":1,"3":3,"4":23,"5":3,"6":3,"7":3,"8":6,"9":0,"10":3,"11":3,"12":3,"13":5,"14":1,"15":1,"16":3,"17":3,"18":3,"19":2,"20":2,"21":2,"22":1,"23":3,"24":1},"f":{"0":1,"1":10,"2":3},"b":{"0":[3,3,1,3,1,0,3],"1":[3,0],"2":[3,3],"3":[3],"4":[3,3],"5":[2],"6":[3],"7":[1]}}
,"/Users/zane/.liq/playground/liquid-labs/npm-toolkit/src/install.mjs": {"path":"/Users/zane/.liq/playground/liquid-labs/npm-toolkit/src/install.mjs","statementMap":{"0":{"start":{"line":1,"column":0},"end":{"line":1,"column":null}},"1":{"start":{"line":2,"column":0},"end":{"line":2,"column":null}},"2":{"start":{"line":3,"column":0},"end":{"line":3,"column":null}},"3":{"start":{"line":5,"column":0},"end":{"line":5,"column":52}},"4":{"start":{"line":5,"column":52},"end":{"line":5,"column":null}},"5":{"start":{"line":7,"column":22},"end":{"line":7,"column":25}},"6":{"start":{"line":7,"column":22},"end":{"line":38,"column":null}},"7":{"start":{"line":7,"column":25},"end":{"line":37,"column":null}},"8":{"start":{"line":7,"column":33},"end":{"line":7,"column":null}},"9":{"start":{"line":7,"column":50},"end":{"line":8,"column":24}},"10":{"start":{"line":9,"column":2},"end":{"line":15,"column":null}},"11":{"start":{"line":10,"column":4},"end":{"line":10,"column":null}},"12":{"start":{"line":11,"column":4},"end":{"line":11,"column":null}},"13":{"start":{"line":13,"column":7},"end":{"line":15,"column":null}},"14":{"start":{"line":14,"column":4},"end":{"line":14,"column":23}},"15":{"start":{"line":16,"column":8},"end":{"line":18,"column":null}},"16":{"start":{"line":18,"column":48},"end":{"line":19,"column":null}},"17":{"start":{"line":19,"column":32},"end":{"line":19,"column":null}},"18":{"start":{"line":19,"column":13},"end":{"line":19,"column":24}},"19":{"start":{"line":19,"column":20},"end":{"line":25,"column":null}},"20":{"start":{"line":25,"column":5},"end":{"line":25,"column":null}},"21":{"start":{"line":21,"column":15},"end":{"line":21,"column":27}},"22":{"start":{"line":21,"column":23},"end":{"line":26,"column":null}},"23":{"start":{"line":26,"column":30},"end":{"line":26,"column":null}},"24":{"start":{"line":26,"column":30},"end":{"line":27,"column":null}},"25":{"start":{"line":27,"column":14},"end":{"line":27,"column":42}},"26":{"start":{"line":28,"column":14},"end":{"line":28,"column":null}},"27":{"start":{"line":29,"column":16},"end":{"line":29,"column":25}},"28":{"start":{"line":29,"column":20},"end":{"line":30,"column":null}},"29":{"start":{"line":30,"column":28},"end":{"line":30,"column":null}},"30":{"start":{"line":30,"column":28},"end":{"line":31,"column":null}},"31":{"start":{"line":31,"column":41},"end":{"line":31,"column":null}},"32":{"start":{"line":31,"column":41},"end":{"line":37,"column":null}},"33":{"start":{"line":37,"column":13},"end":{"line":37,"column":null}},"34":{"start":{"line":38,"column":1},"end":{"line":7,"column":25}},"35":{"start":{"line":40,"column":13},"end":{"line":40,"column":16}},"36":{"start":{"line":40,"column":13},"end":{"line":73,"column":null}},"37":{"start":{"line":40,"column":16},"end":{"line":72,"column":null}},"38":{"start":{"line":40,"column":24},"end":{"line":40,"column":null}},"39":{"start":{"line":40,"column":108},"end":{"line":41,"column":null}},"40":{"start":{"line":41,"column":53},"end":{"line":41,"column":null}},"41":{"start":{"line":41,"column":53},"end":{"line":42,"column":null}},"42":{"start":{"line":42,"column":77},"end":{"line":44,"column":null}},"43":{"start":{"line":44,"column":43},"end":{"line":44,"column":null}},"44":{"start":{"line":44,"column":43},"end":{"line":45,"column":null}},"45":{"start":{"line":45,"column":68},"end":{"line":47,"column":null}},"46":{"start":{"line":47,"column":53},"end":{"line":47,"column":null}},"47":{"start":{"line":47,"column":53},"end":{"line":48,"column":null}},"48":{"start":{"line":48,"column":78},"end":{"line":50,"column":null}},"49":{"start":{"line":50,"column":51},"end":{"line":50,"column":null}},"50":{"start":{"line":50,"column":51},"end":{"line":51,"column":null}},"51":{"start":{"line":54,"column":8},"end":{"line":54,"column":null}},"52":{"start":{"line":55,"column":8},"end":{"line":55,"column":null}},"53":{"start":{"line":56,"column":8},"end":{"line":56,"column":null}},"54":{"start":{"line":57,"column":8},"end":{"line":57,"column":null}},"55":{"start":{"line":57,"column":93},"end":{"line":57,"column":null}},"56":{"start":{"line":57,"column":93},"end":{"line":68,"column":null}},"57":{"start":{"line":60,"column":8},"end":{"line":68,"column":6}},"58":{"start":{"line":60,"column":16},"end":{"line":67,"column":null}},"59":{"start":{"line":60,"column":16},"end":{"line":61,"column":null}},"60":{"start":{"line":61,"column":18},"end":{"line":61,"column":null}},"61":{"start":{"line":61,"column":18},"end":{"line":62,"column":null}},"62":{"start":{"line":62,"column":14},"end":{"line":62,"column":32}},"63":{"start":{"line":62,"column":23},"end":{"line":63,"column":null}},"64":{"start":{"line":63,"column":30},"end":{"line":63,"column":null}},"65":{"start":{"line":63,"column":30},"end":{"line":64,"column":null}},"66":{"start":{"line":64,"column":26},"end":{"line":67,"column":null}},"67":{"start":{"line":67,"column":27},"end":{"line":67,"column":null}},"68":{"start":{"line":68,"column":5},"end":{"line":68,"column":6}},"69":{"start":{"line":59,"column":8},"end":{"line":69,"column":null}},"70":{"start":{"line":71,"column":8},"end":{"line":71,"column":null}},"71":{"start":{"line":72,"column":2},"end":{"line":72,"column":null}},"72":{"start":{"line":72,"column":37},"end":{"line":72,"column":null}},"73":{"start":{"line":73,"column":1},"end":{"line":40,"column":16}}},"fnMap":{"0":{"name":"_getRequireWildcardCache","decl":{"start":{"line":5,"column":52},"end":{"line":5,"column":null}},"loc":{"start":{"line":5,"column":52},"end":{"line":5,"column":null}}},"1":{"name":"(anonymous_13)","decl":{"start":{"line":7,"column":22},"end":{"line":7,"column":25}},"loc":{"start":{"line":7,"column":22},"end":{"line":7,"column":25}}},"2":{"name":"_callee","decl":{"start":{"line":7,"column":25},"end":{"line":7,"column":33}},"loc":{"start":{"line":7,"column":25},"end":{"line":37,"column":null}}},"3":{"name":"findLocalPackage","decl":{"start":{"line":7,"column":6},"end":{"line":7,"column":22}},"loc":{"start":{"line":7,"column":22},"end":{"line":7,"column":25}}},"4":{"name":"(anonymous_17)","decl":{"start":{"line":40,"column":13},"end":{"line":40,"column":16}},"loc":{"start":{"line":40,"column":13},"end":{"line":40,"column":16}}},"5":{"name":"_callee3","decl":{"start":{"line":40,"column":16},"end":{"line":40,"column":24}},"loc":{"start":{"line":40,"column":16},"end":{"line":72,"column":null}}},"6":{"name":"(anonymous_20)","decl":{"start":{"line":60,"column":8},"end":{"line":60,"column":9}},"loc":{"start":{"line":60,"column":8},"end":{"line":68,"column":6}}},"7":{"name":"_callee2","decl":{"start":{"line":60,"column":9},"end":{"line":60,"column":15}},"loc":{"start":{"line":60,"column":16},"end":{"line":67,"column":null}}},"8":{"name":"_callee2$","decl":{"start":{"line":60,"column":16},"end":{"line":60,"column":null}},"loc":{"start":{"line":60,"column":16},"end":{"line":67,"column":null}}},"9":{"name":"(anonymous_23)","decl":{"start":{"line":68,"column":5},"end":{"line":68,"column":6}},"loc":{"start":{"line":68,"column":5},"end":{"line":68,"column":6}}},"10":{"name":"install","decl":{"start":{"line":40,"column":6},"end":{"line":40,"column":13}},"loc":{"start":{"line":40,"column":13},"end":{"line":40,"column":16}}}},"branchMap":{"0":{"loc":{"start":{"line":5,"column":52},"end":{"line":5,"column":null}},"type":"if","locations":[{"start":{"line":5,"column":52},"end":{"line":5,"column":null}}]},"1":{"loc":{"start":{"line":5,"column":52},"end":{"line":5,"column":null}},"type":"cond-expr","locations":[{"start":{"line":5,"column":52},"end":{"line":5,"column":null}},{"start":{"line":5,"column":52},"end":{"line":5,"column":null}}]},"2":{"loc":{"start":{"line":5,"column":52},"end":{"line":5,"column":null}},"type":"binary-expr","locations":[{"start":{"line":5,"column":52},"end":{"line":5,"column":null}},{"start":{"line":5,"column":52},"end":{"line":5,"column":null}},{"start":{"line":5,"column":52},"end":{"line":5,"column":null}}]},"3":{"loc":{"start":{"line":5,"column":52},"end":{"line":5,"column":null}},"type":"binary-expr","locations":[{"start":{"line":5,"column":52},"end":{"line":5,"column":null}},{"start":{"line":5,"column":52},"end":{"line":5,"column":null}},{"start":{"line":5,"column":52},"end":{"line":5,"column":null}},{"start":{"line":5,"column":52},"end":{"line":5,"column":null}},{"start":{"line":5,"column":52},"end":{"line":5,"column":null}}]},"4":{"loc":{"start":{"line":7,"column":25},"end":{"line":37,"column":null}},"type":"switch","locations":[{"start":{"line":7,"column":25},"end":{"line":19,"column":null}},{"start":{"line":19,"column":32},"end":{"line":25,"column":null}},{"start":{"line":25,"column":5},"end":{"line":27,"column":null}},{"start":{"line":27,"column":86},"end":{"line":31,"column":null}},{"start":{"line":31,"column":41},"end":{"line":31,"column":null}},{"start":{"line":31,"column":41},"end":{"line":31,"column":null}},{"start":{"line":31,"column":41},"end":{"line":31,"column":null}},{"start":{"line":31,"column":41},"end":{"line":31,"column":null}},{"start":{"line":31,"column":41},"end":{"line":31,"column":null}},{"start":{"line":31,"column":41},"end":{"line":37,"column":null}},{"start":{"line":37,"column":13},"end":{"line":37,"column":null}},{"start":{"line":37,"column":13},"end":{"line":37,"column":null}}]},"5":{"loc":{"start":{"line":9,"column":2},"end":{"line":15,"column":null}},"type":"if","locations":[{"start":{"line":9,"column":2},"end":{"line":15,"column":null}},{"start":{"line":13,"column":7},"end":{"line":15,"column":null}}]},"6":{"loc":{"start":{"line":13,"column":7},"end":{"line":15,"column":null}},"type":"if","locations":[{"start":{"line":13,"column":7},"end":{"line":15,"column":null}}]},"7":{"loc":{"start":{"line":16,"column":18},"end":{"line":18,"column":48}},"type":"cond-expr","locations":[{"start":{"line":17,"column":6},"end":{"line":17,"column":43}},{"start":{"line":18,"column":6},"end":{"line":18,"column":48}}]},"8":{"loc":{"start":{"line":19,"column":32},"end":{"line":19,"column":null}},"type":"if","locations":[{"start":{"line":19,"column":32},"end":{"line":19,"column":null}}]},"9":{"loc":{"start":{"line":25,"column":5},"end":{"line":25,"column":null}},"type":"if","locations":[{"start":{"line":25,"column":5},"end":{"line":25,"column":null}}]},"10":{"loc":{"start":{"line":21,"column":23},"end":{"line":26,"column":null}},"type":"if","locations":[{"start":{"line":21,"column":23},"end":{"line":26,"column":null}}]},"11":{"loc":{"start":{"line":29,"column":20},"end":{"line":30,"column":null}},"type":"if","locations":[{"start":{"line":29,"column":20},"end":{"line":30,"column":null}}]},"12":{"loc":{"start":{"line":40,"column":16},"end":{"line":72,"column":null}},"type":"switch","locations":[{"start":{"line":40,"column":16},"end":{"line":42,"column":null}},{"start":{"line":42,"column":77},"end":{"line":45,"column":null}},{"start":{"line":45,"column":68},"end":{"line":48,"column":null}},{"start":{"line":48,"column":78},"end":{"line":51,"column":null}},{"start":{"line":51,"column":76},"end":{"line":68,"column":null}},{"start":{"line":68,"column":7},"end":{"line":72,"column":null}},{"start":{"line":72,"column":37},"end":{"line":72,"column":null}},{"start":{"line":72,"column":37},"end":{"line":72,"column":null}}]},"13":{"loc":{"start":{"line":40,"column":108},"end":{"line":41,"column":null}},"type":"if","locations":[{"start":{"line":40,"column":108},"end":{"line":41,"column":null}}]},"14":{"loc":{"start":{"line":41,"column":6},"end":{"line":41,"column":53}},"type":"binary-expr","locations":[{"start":{"line":41,"column":6},"end":{"line":41,"column":28}},{"start":{"line":41,"column":32},"end":{"line":41,"column":53}}]},"15":{"loc":{"start":{"line":42,"column":77},"end":{"line":44,"column":null}},"type":"if","locations":[{"start":{"line":42,"column":77},"end":{"line":44,"column":null}}]},"16":{"loc":{"start":{"line":44,"column":6},"end":{"line":44,"column":43}},"type":"binary-expr","locations":[{"start":{"line":44,"column":6},"end":{"line":44,"column":23}},{"start":{"line":44,"column":27},"end":{"line":44,"column":43}}]},"17":{"loc":{"start":{"line":45,"column":68},"end":{"line":47,"column":null}},"type":"if","locations":[{"start":{"line":45,"column":68},"end":{"line":47,"column":null}}]},"18":{"loc":{"start":{"line":47,"column":6},"end":{"line":47,"column":53}},"type":"binary-expr","locations":[{"start":{"line":47,"column":6},"end":{"line":47,"column":27}},{"start":{"line":47,"column":31},"end":{"line":47,"column":53}}]},"19":{"loc":{"start":{"line":47,"column":31},"end":{"line":47,"column":47}},"type":"cond-expr","locations":[{"start":{"line":47,"column":39},"end":{"line":47,"column":41}},{"start":{"line":47,"column":31},"end":{"line":47,"column":47}}]},"20":{"loc":{"start":{"line":47,"column":31},"end":{"line":47,"column":41}},"type":"binary-expr","locations":[{"start":{"line":47,"column":31},"end":{"line":47,"column":41}},{"start":{"line":47,"column":31},"end":{"line":47,"column":41}}]},"21":{"loc":{"start":{"line":48,"column":78},"end":{"line":50,"column":null}},"type":"if","locations":[{"start":{"line":48,"column":78},"end":{"line":50,"column":null}}]},"22":{"loc":{"start":{"line":50,"column":6},"end":{"line":50,"column":51}},"type":"binary-expr","locations":[{"start":{"line":50,"column":6},"end":{"line":50,"column":26}},{"start":{"line":50,"column":30},"end":{"line":50,"column":51}}]},"23":{"loc":{"start":{"line":54,"column":18},"end":{"line":54,"column":79}},"type":"cond-expr","locations":[{"start":{"line":54,"column":46},"end":{"line":54,"column":48}},{"start":{"line":54,"column":51},"end":{"line":54,"column":79}}]},"24":{"loc":{"start":{"line":55,"column":20},"end":{"line":55,"column":54}},"type":"cond-expr","locations":[{"start":{"line":55,"column":38},"end":{"line":55,"column":49}},{"start":{"line":55,"column":52},"end":{"line":55,"column":54}}]},"25":{"loc":{"start":{"line":56,"column":18},"end":{"line":56,"column":92}},"type":"cond-expr","locations":[{"start":{"line":56,"column":37},"end":{"line":56,"column":50}},{"start":{"line":56,"column":53},"end":{"line":56,"column":92}}]},"26":{"loc":{"start":{"line":56,"column":53},"end":{"line":56,"column":92}},"type":"cond-expr","locations":[{"start":{"line":56,"column":73},"end":{"line":56,"column":87}},{"start":{"line":56,"column":90},"end":{"line":56,"column":92}}]},"27":{"loc":{"start":{"line":57,"column":21},"end":{"line":57,"column":93}},"type":"cond-expr","locations":[{"start":{"line":57,"column":39},"end":{"line":57,"column":48}},{"start":{"line":57,"column":51},"end":{"line":57,"column":93}}]},"28":{"loc":{"start":{"line":57,"column":51},"end":{"line":57,"column":93}},"type":"cond-expr","locations":[{"start":{"line":57,"column":75},"end":{"line":57,"column":88}},{"start":{"line":57,"column":91},"end":{"line":57,"column":93}}]},"29":{"loc":{"start":{"line":60,"column":16},"end":{"line":67,"column":null}},"type":"switch","locations":[{"start":{"line":60,"column":16},"end":{"line":62,"column":null}},{"start":{"line":62,"column":75},"end":{"line":64,"column":null}},{"start":{"line":64,"column":26},"end":{"line":67,"column":null}},{"start":{"line":67,"column":27},"end":{"line":67,"column":null}},{"start":{"line":67,"column":27},"end":{"line":67,"column":null}}]},"30":{"loc":{"start":{"line":60,"column":16},"end":{"line":61,"column":null}},"type":"if","locations":[{"start":{"line":60,"column":16},"end":{"line":61,"column":null}}]},"31":{"loc":{"start":{"line":62,"column":23},"end":{"line":63,"column":null}},"type":"if","locations":[{"start":{"line":62,"column":23},"end":{"line":63,"column":null}}]}},"s":{"0":2,"1":2,"2":2,"3":2,"4":338,"5":3,"6":2,"7":9,"8":1,"9":1,"10":1,"11":0,"12":0,"13":1,"14":1,"15":1,"16":1,"17":3,"18":1,"19":1,"20":1,"21":1,"22":1,"23":1,"24":1,"25":1,"26":1,"27":1,"28":1,"29":0,"30":1,"31":3,"32":0,"33":1,"34":2,"35":7,"36":2,"37":45,"38":5,"39":5,"40":10,"41":0,"42":5,"43":10,"44":0,"45":5,"46":10,"47":0,"48":5,"49":10,"50":0,"51":5,"52":5,"53":5,"54":5,"55":5,"56":5,"57":5,"58":31,"59":5,"60":9,"61":1,"62":1,"63":1,"64":0,"65":1,"66":4,"67":5,"68":10,"69":5,"70":5,"71":5,"72":5,"73":2},"f":{"0":14,"1":2,"2":5,"3":1,"4":2,"5":15,"6":5,"7":5,"8":11,"9":5,"10":5},"b":{"0":[94],"1":[201,205],"2":[103,103,98],"3":[0,0,0,0,0],"4":[1,1,1,1,0,0,0,0,1,0,0,1],"5":[0,1],"6":[1],"7":[0,1],"8":[0],"9":[0],"10":[0],"11":[0],"12":[5,5,5,5,5,5,5,5],"13":[5],"14":[5,5],"15":[5],"16":[5,1],"17":[5],"18":[5,1],"19":[0,1],"20":[1,1],"21":[5],"22":[5,0],"23":[0,5],"24":[0,5],"25":[1,4],"26":[1,3],"27":[0,5],"28":[1,4],"29":[5,1,4,0,5],"30":[4],"31":[0]}}
,"/Users/zane/.liq/playground/liquid-labs/npm-toolkit/src/update.mjs": {"path":"/Users/zane/.liq/playground/liquid-labs/npm-toolkit/src/update.mjs","statementMap":{"0":{"start":{"line":1,"column":0},"end":{"line":1,"column":null}},"1":{"start":{"line":2,"column":0},"end":{"line":2,"column":null}},"2":{"start":{"line":4,"column":0},"end":{"line":4,"column":null}},"3":{"start":{"line":6,"column":0},"end":{"line":6,"column":52}},"4":{"start":{"line":6,"column":52},"end":{"line":6,"column":null}},"5":{"start":{"line":23,"column":12},"end":{"line":23,"column":15}},"6":{"start":{"line":23,"column":12},"end":{"line":90,"column":null}},"7":{"start":{"line":23,"column":15},"end":{"line":89,"column":null}},"8":{"start":{"line":23,"column":23},"end":{"line":23,"column":null}},"9":{"start":{"line":23,"column":78},"end":{"line":24,"column":null}},"10":{"start":{"line":24,"column":42},"end":{"line":24,"column":null}},"11":{"start":{"line":24,"column":42},"end":{"line":25,"column":null}},"12":{"start":{"line":25,"column":94},"end":{"line":27,"column":null}},"13":{"start":{"line":27,"column":50},"end":{"line":27,"column":null}},"14":{"start":{"line":27,"column":50},"end":{"line":28,"column":null}},"15":{"start":{"line":28,"column":95},"end":{"line":31,"column":null}},"16":{"start":{"line":31,"column":31},"end":{"line":31,"column":null}},"17":{"start":{"line":32,"column":10},"end":{"line":32,"column":null}},"18":{"start":{"line":32,"column":68},"end":{"line":32,"column":null}},"19":{"start":{"line":32,"column":68},"end":{"line":33,"column":null}},"20":{"start":{"line":33,"column":10},"end":{"line":33,"column":38}},"21":{"start":{"line":34,"column":10},"end":{"line":34,"column":null}},"22":{"start":{"line":35,"column":13},"end":{"line":null,"column":-1}},"23":{"start":{"line":38,"column":8},"end":{"line":38,"column":null}},"24":{"start":{"line":42,"column":6},"end":{"line":45,"column":null}},"25":{"start":{"line":47,"column":2},"end":{"line":49,"column":null}},"26":{"start":{"line":48,"column":4},"end":{"line":48,"column":null}},"27":{"start":{"line":51,"column":8},"end":{"line":51,"column":null}},"28":{"start":{"line":51,"column":69},"end":{"line":52,"column":null}},"29":{"start":{"line":52,"column":27},"end":{"line":52,"column":null}},"30":{"start":{"line":52,"column":27},"end":{"line":54,"column":null}},"31":{"start":{"line":54,"column":89},"end":{"line":54,"column":null}},"32":{"start":{"line":59,"column":4},"end":{"line":59,"column":null}},"33":{"start":{"line":59,"column":52},"end":{"line":59,"column":null}},"34":{"start":{"line":59,"column":52},"end":{"line":62,"column":null}},"35":{"start":{"line":62,"column":98},"end":{"line":65,"column":null}},"36":{"start":{"line":65,"column":61},"end":{"line":65,"column":null}},"37":{"start":{"line":66,"column":4},"end":{"line":66,"column":null}},"38":{"start":{"line":66,"column":58},"end":{"line":67,"column":null}},"39":{"start":{"line":70,"column":2},"end":{"line":70,"column":null}},"40":{"start":{"line":71,"column":2},"end":{"line":80,"column":null}},"41":{"start":{"line":71,"column":40},"end":{"line":72,"column":40}},"42":{"start":{"line":73,"column":4},"end":{"line":79,"column":null}},"43":{"start":{"line":74,"column":6},"end":{"line":74,"column":null}},"44":{"start":{"line":75,"column":6},"end":{"line":75,"column":null}},"45":{"start":{"line":77,"column":9},"end":{"line":79,"column":null}},"46":{"start":{"line":78,"column":6},"end":{"line":78,"column":null}},"47":{"start":{"line":82,"column":8},"end":{"line":84,"column":null}},"48":{"start":{"line":84,"column":22},"end":{"line":85,"column":null}},"49":{"start":{"line":85,"column":29},"end":{"line":85,"column":null}},"50":{"start":{"line":85,"column":29},"end":{"line":86,"column":null}},"51":{"start":{"line":86,"column":114},"end":{"line":89,"column":null}},"52":{"start":{"line":89,"column":36},"end":{"line":89,"column":null}},"53":{"start":{"line":90,"column":1},"end":{"line":23,"column":15}}},"fnMap":{"0":{"name":"_getRequireWildcardCache","decl":{"start":{"line":6,"column":52},"end":{"line":6,"column":null}},"loc":{"start":{"line":6,"column":52},"end":{"line":6,"column":null}}},"1":{"name":"(anonymous_3)","decl":{"start":{"line":23,"column":12},"end":{"line":23,"column":15}},"loc":{"start":{"line":23,"column":12},"end":{"line":23,"column":15}}},"2":{"name":"_callee","decl":{"start":{"line":23,"column":15},"end":{"line":23,"column":23}},"loc":{"start":{"line":23,"column":15},"end":{"line":89,"column":null}}},"3":{"name":"update","decl":{"start":{"line":23,"column":6},"end":{"line":23,"column":12}},"loc":{"start":{"line":23,"column":12},"end":{"line":23,"column":15}}}},"branchMap":{"0":{"loc":{"start":{"line":6,"column":52},"end":{"line":6,"column":null}},"type":"if","locations":[{"start":{"line":6,"column":52},"end":{"line":6,"column":null}}]},"1":{"loc":{"start":{"line":6,"column":52},"end":{"line":6,"column":null}},"type":"cond-expr","locations":[{"start":{"line":6,"column":52},"end":{"line":6,"column":null}},{"start":{"line":6,"column":52},"end":{"line":6,"column":null}}]},"2":{"loc":{"start":{"line":6,"column":52},"end":{"line":6,"column":null}},"type":"binary-expr","locations":[{"start":{"line":6,"column":52},"end":{"line":6,"column":null}},{"start":{"line":6,"column":52},"end":{"line":6,"column":null}},{"start":{"line":6,"column":52},"end":{"line":6,"column":null}}]},"3":{"loc":{"start":{"line":23,"column":15},"end":{"line":89,"column":null}},"type":"switch","locations":[{"start":{"line":23,"column":15},"end":{"line":25,"column":null}},{"start":{"line":25,"column":94},"end":{"line":28,"column":null}},{"start":{"line":28,"column":95},"end":{"line":33,"column":null}},{"start":{"line":33,"column":66},"end":{"line":35,"column":13}},{"start":{"line":35,"column":11},"end":{"line":54,"column":null}},{"start":{"line":54,"column":89},"end":{"line":59,"column":null}},{"start":{"line":59,"column":52},"end":{"line":62,"column":null}},{"start":{"line":62,"column":98},"end":{"line":67,"column":null}},{"start":{"line":67,"column":39},"end":{"line":86,"column":null}},{"start":{"line":86,"column":114},"end":{"line":89,"column":null}},{"start":{"line":89,"column":36},"end":{"line":89,"column":null}},{"start":{"line":89,"column":36},"end":{"line":89,"column":null}}]},"4":{"loc":{"start":{"line":23,"column":47},"end":{"line":23,"column":54}},"type":"cond-expr","locations":[{"start":{"line":23,"column":50},"end":{"line":23,"column":52}},{"start":{"line":23,"column":52},"end":{"line":23,"column":54}}]},"5":{"loc":{"start":{"line":23,"column":78},"end":{"line":24,"column":null}},"type":"if","locations":[{"start":{"line":23,"column":78},"end":{"line":24,"column":null}}]},"6":{"loc":{"start":{"line":24,"column":6},"end":{"line":24,"column":42}},"type":"binary-expr","locations":[{"start":{"line":24,"column":6},"end":{"line":24,"column":31}},{"start":{"line":24,"column":35},"end":{"line":24,"column":42}}]},"7":{"loc":{"start":{"line":25,"column":94},"end":{"line":27,"column":null}},"type":"if","locations":[{"start":{"line":25,"column":94},"end":{"line":27,"column":null}}]},"8":{"loc":{"start":{"line":27,"column":6},"end":{"line":27,"column":50}},"type":"binary-expr","locations":[{"start":{"line":27,"column":6},"end":{"line":27,"column":31}},{"start":{"line":27,"column":35},"end":{"line":27,"column":50}}]},"9":{"loc":{"start":{"line":28,"column":95},"end":{"line":31,"column":null}},"type":"if","locations":[{"start":{"line":28,"column":95},"end":{"line":31,"column":null}}]},"10":{"loc":{"start":{"line":42,"column":25},"end":{"line":42,"column":70}},"type":"cond-expr","locations":[{"start":{"line":42,"column":43},"end":{"line":42,"column":45}},{"start":{"line":42,"column":45},"end":{"line":42,"column":70}}]},"11":{"loc":{"start":{"line":44,"column":7},"end":{"line":44,"column":41}},"type":"cond-expr","locations":[{"start":{"line":44,"column":25},"end":{"line":44,"column":36}},{"start":{"line":44,"column":39},"end":{"line":44,"column":41}}]},"12":{"loc":{"start":{"line":47,"column":2},"end":{"line":49,"column":null}},"type":"if","locations":[{"start":{"line":47,"column":2},"end":{"line":49,"column":null}}]},"13":{"loc":{"start":{"line":51,"column":69},"end":{"line":52,"column":null}},"type":"if","locations":[{"start":{"line":51,"column":69},"end":{"line":52,"column":null}}]},"14":{"loc":{"start":{"line":62,"column":98},"end":{"line":65,"column":null}},"type":"if","locations":[{"start":{"line":62,"column":98},"end":{"line":65,"column":null}}]},"15":{"loc":{"start":{"line":65,"column":6},"end":{"line":65,"column":61}},"type":"binary-expr","locations":[{"start":{"line":65,"column":6},"end":{"line":65,"column":19}},{"start":{"line":65,"column":23},"end":{"line":65,"column":61}}]},"16":{"loc":{"start":{"line":70,"column":27},"end":{"line":70,"column":53}},"type":"cond-expr","locations":[{"start":{"line":70,"column":36},"end":{"line":70,"column":48}},{"start":{"line":70,"column":51},"end":{"line":70,"column":53}}]},"17":{"loc":{"start":{"line":73,"column":4},"end":{"line":79,"column":null}},"type":"if","locations":[{"start":{"line":73,"column":4},"end":{"line":79,"column":null}},{"start":{"line":77,"column":9},"end":{"line":79,"column":null}}]},"18":{"loc":{"start":{"line":75,"column":22},"end":{"line":75,"column":47}},"type":"cond-expr","locations":[{"start":{"line":75,"column":31},"end":{"line":75,"column":42}},{"start":{"line":75,"column":45},"end":{"line":75,"column":47}}]},"19":{"loc":{"start":{"line":75,"column":92},"end":{"line":75,"column":128}},"type":"cond-expr","locations":[{"start":{"line":75,"column":112},"end":{"line":75,"column":123}},{"start":{"line":75,"column":126},"end":{"line":75,"column":128}}]},"20":{"loc":{"start":{"line":77,"column":9},"end":{"line":79,"column":null}},"type":"if","locations":[{"start":{"line":77,"column":9},"end":{"line":79,"column":null}}]},"21":{"loc":{"start":{"line":84,"column":22},"end":{"line":85,"column":null}},"type":"if","locations":[{"start":{"line":84,"column":22},"end":{"line":85,"column":null}}]}},"s":{"0":1,"1":1,"2":1,"3":1,"4":307,"5":2,"6":1,"7":12,"8":1,"9":1,"10":2,"11":0,"12":1,"13":2,"14":0,"15":1,"16":2,"17":0,"18":0,"19":0,"20":0,"21":0,"22":0,"23":1,"24":1,"25":1,"26":0,"27":1,"28":1,"29":2,"30":0,"31":1,"32":1,"33":2,"34":0,"35":1,"36":2,"37":0,"38":0,"39":1,"40":1,"41":1,"42":1,"43":1,"44":1,"45":0,"46":0,"47":1,"48":1,"49":2,"50":0,"51":1,"52":1,"53":1},"f":{"0":7,"1":1,"2":3,"3":1},"b":{"0":[92],"1":[193,196],"2":[98,98,95],"3":[1,1,1,0,1,1,0,1,1,1,0,1],"4":[1,0],"5":[1],"6":[1,0],"7":[1],"8":[1,1],"9":[1],"10":[0,1],"11":[0,1],"12":[0],"13":[1],"14":[1],"15":[1,1],"16":[0,1],"17":[1,0],"18":[0,1],"19":[0,1],"20":[0],"21":[1]}}
}
